<?xml version="1.0" encoding="UTF-8"?>
<!-- Generated by org.testng.reporters.JUnitReportReporter -->
<testsuite hostname="VivoBook" failures="0" tests="1" name="com.remedi.test.StandAloneTest" time="33.666" errors="0" timestamp="2024-10-15T11:42:45 IST" skipped="0">
  <testcase classname="com.remedi.test.StandAloneTest" name="caseSheetFilling" time="33.666"/>
  <system-out/>
</testsuite> <!-- com.remedi.test.StandAloneTest -->
