<?xml version="1.0" encoding="UTF-8"?>
<!-- Generated by org.testng.reporters.JUnitReportReporter -->
<testsuite hostname="VivoBook" failures="0" tests="1" name="com.remedi.test.ErrorValidationsTest" time="14.868" errors="0" timestamp="2024-10-16T15:57:41 IST" skipped="0">
  <testcase classname="com.remedi.test.ErrorValidationsTest" name="blankusername_blankpassword" time="14.868"/>
  <system-out/>
</testsuite> <!-- com.remedi.test.ErrorValidationsTest -->
