<?xml version="1.0" encoding="UTF-8"?>
<!-- Generated by org.testng.reporters.JUnitReportReporter -->
<testsuite hostname="VivoBook" failures="0" tests="1" name="com.remedi.test.StandAloneTest" time="28.530" errors="0" timestamp="2024-10-14T00:48:55 IST" skipped="0">
  <testcase classname="com.remedi.test.StandAloneTest" name="caseSheetFilling" time="28.530"/>
  <system-out/>
</testsuite> <!-- com.remedi.test.StandAloneTest -->
