<?xml version="1.0" encoding="UTF-8"?>
<!-- Generated by org.testng.reporters.JUnitReportReporter -->
<testsuite hostname="VivoBook" failures="0" tests="5" name="com.remedi.test.ErrorValidationsTest" time="37.547" errors="0" timestamp="2024-09-22T22:35:44 IST" skipped="0">
  <testcase classname="com.remedi.test.ErrorValidationsTest" name="blankusername_blankpassword" time="11.231"/>
  <system-out/>
  <testcase classname="com.remedi.test.ErrorValidationsTest" name="validUsername_invalidPassword" time="8.694"/>
  <system-out/>
  <testcase classname="com.remedi.test.ErrorValidationsTest" name="invalidUsername_validPassword" time="6.620"/>
  <system-out/>
  <testcase classname="com.remedi.test.ErrorValidationsTest" name="blankUsername_validpassword" time="6.607"/>
  <system-out/>
  <testcase classname="com.remedi.test.ErrorValidationsTest" name="validUsername_blankpassword" time="4.395"/>
  <system-out/>
</testsuite> <!-- com.remedi.test.ErrorValidationsTest -->
