<?xml version="1.0" encoding="UTF-8"?>
<!-- Generated by org.testng.reporters.JUnitReportReporter -->
<testsuite hostname="VivoBook" failures="0" tests="5" name="com.remedi.test.ErrorValidationsTest" time="25.918" errors="0" timestamp="2024-10-20T22:28:34 IST" skipped="0">
  <testcase classname="com.remedi.test.ErrorValidationsTest" name="blankusername_blankpassword" time="7.582"/>
  <system-out/>
  <testcase classname="com.remedi.test.ErrorValidationsTest" name="invalidUsername_validPassword" time="4.714"/>
  <system-out/>
  <testcase classname="com.remedi.test.ErrorValidationsTest" name="validUsername_blankpassword" time="3.832"/>
  <system-out/>
  <testcase classname="com.remedi.test.ErrorValidationsTest" name="blankUsername_validpassword" time="5.853"/>
  <system-out/>
  <testcase classname="com.remedi.test.ErrorValidationsTest" name="validUsername_invalidPassword" time="3.937"/>
  <system-out/>
</testsuite> <!-- com.remedi.test.ErrorValidationsTest -->
