<?xml version="1.0" encoding="UTF-8"?>
<!-- Generated by org.testng.reporters.JUnitReportReporter -->
<testsuite hostname="VivoBook" failures="0" tests="6" name="com.remedi.test.StandAloneTest" time="105.958" errors="0" timestamp="2024-10-16T13:34:19 IST" skipped="0">
  <testcase classname="com.remedi.test.StandAloneTest" name="caseSheetFilling" time="37.539"/>
  <system-out/>
  <testcase classname="com.remedi.test.StandAloneTest" name="PrivacyLinkTest" time="16.194"/>
  <system-out/>
  <testcase classname="com.remedi.test.StandAloneTest" name="patient_Registeration" time="32.030"/>
  <system-out/>
  <testcase classname="com.remedi.test.StandAloneTest" name="submitTest" time="9.648"/>
  <system-out/>
  <testcase classname="com.remedi.test.StandAloneTest" name="submitTest" time="4.701"/>
  <system-out/>
  <testcase classname="com.remedi.test.StandAloneTest" name="submitTest" time="5.846"/>
  <system-out/>
</testsuite> <!-- com.remedi.test.StandAloneTest -->
