<?xml version="1.0" encoding="UTF-8"?>
<!-- Generated by org.testng.reporters.JUnitReportReporter -->
<testsuite hostname="VivoBook" failures="0" tests="5" name="com.remedi.test.ErrorValidationsTest" time="72.664" errors="0" timestamp="2024-09-23T22:10:20 IST" skipped="0">
  <testcase classname="com.remedi.test.ErrorValidationsTest" name="validUsername_blankpassword" time="15.570"/>
  <system-out/>
  <testcase classname="com.remedi.test.ErrorValidationsTest" name="blankUsername_validpassword" time="13.377"/>
  <system-out/>
  <testcase classname="com.remedi.test.ErrorValidationsTest" name="validUsername_invalidPassword" time="18.240"/>
  <system-out/>
  <testcase classname="com.remedi.test.ErrorValidationsTest" name="blankusername_blankpassword" time="8.644"/>
  <system-out/>
  <testcase classname="com.remedi.test.ErrorValidationsTest" name="invalidUsername_validPassword" time="16.833"/>
  <system-out/>
</testsuite> <!-- com.remedi.test.ErrorValidationsTest -->
