<?xml version="1.0" encoding="UTF-8"?>
<!-- Generated by org.testng.reporters.JUnitReportReporter -->
<testsuite hostname="VivoBook" failures="0" tests="5" name="com.remedi.test.ErrorValidationsTest" time="16.311" errors="0" timestamp="2024-10-20T22:38:51 IST" skipped="0">
  <testcase classname="com.remedi.test.ErrorValidationsTest" name="invalidUsername_validPassword" time="3.666"/>
  <system-out/>
  <testcase classname="com.remedi.test.ErrorValidationsTest" name="blankusername_blankpassword" time="2.897"/>
  <system-out/>
  <testcase classname="com.remedi.test.ErrorValidationsTest" name="validUsername_blankpassword" time="3.790"/>
  <system-out/>
  <testcase classname="com.remedi.test.ErrorValidationsTest" name="validUsername_invalidPassword" time="3.040"/>
  <system-out/>
  <testcase classname="com.remedi.test.ErrorValidationsTest" name="blankUsername_validpassword" time="2.918"/>
  <system-out/>
</testsuite> <!-- com.remedi.test.ErrorValidationsTest -->
