<?xml version="1.0" encoding="UTF-8"?>
<!-- Generated by org.testng.reporters.JUnitReportReporter -->
<testsuite hostname="VivoBook" failures="0" tests="5" name="com.remedi.test.ErrorValidationsTest" time="33.816" errors="0" timestamp="2024-09-22T18:41:59 IST" skipped="0">
  <testcase classname="com.remedi.test.ErrorValidationsTest" name="validUsername_invalidPassword" time="14.008"/>
  <system-out/>
  <testcase classname="com.remedi.test.ErrorValidationsTest" name="blankUsername_validpassword" time="5.025"/>
  <system-out/>
  <testcase classname="com.remedi.test.ErrorValidationsTest" name="validUsername_blankpassword" time="4.451"/>
  <system-out/>
  <testcase classname="com.remedi.test.ErrorValidationsTest" name="invalidUsername_validPassword" time="6.781"/>
  <system-out/>
  <testcase classname="com.remedi.test.ErrorValidationsTest" name="blankusername_blankpassword" time="3.551"/>
  <system-out/>
</testsuite> <!-- com.remedi.test.ErrorValidationsTest -->
